Determining if the pthread_create exist failed with the following output:
Change Dir: /home/lamoreauxaj/Documents/pa/build/CMakeFiles/CMakeTmp

Run Build Command:"/usr/bin/make" "cmTC_18726/fast"
/usr/bin/make -f CMakeFiles/cmTC_18726.dir/build.make CMakeFiles/cmTC_18726.dir/build
make[1]: Entering directory '/home/lamoreauxaj/Documents/pa/build/CMakeFiles/CMakeTmp'
Building C object CMakeFiles/cmTC_18726.dir/CheckSymbolExists.c.o
/bin/gcc-9    -o CMakeFiles/cmTC_18726.dir/CheckSymbolExists.c.o   -c /home/lamoreauxaj/Documents/pa/build/CMakeFiles/CMakeTmp/CheckSymbolExists.c
Linking C executable cmTC_18726
/usr/bin/cmake -E cmake_link_script CMakeFiles/cmTC_18726.dir/link.txt --verbose=1
/bin/gcc-9      -rdynamic CMakeFiles/cmTC_18726.dir/CheckSymbolExists.c.o  -o cmTC_18726 
/usr/bin/ld: CMakeFiles/cmTC_18726.dir/CheckSymbolExists.c.o: in function `main':
CheckSymbolExists.c:(.text+0x1f): undefined reference to `pthread_create'
collect2: error: ld returned 1 exit status
make[1]: *** [CMakeFiles/cmTC_18726.dir/build.make:87: cmTC_18726] Error 1
make[1]: Leaving directory '/home/lamoreauxaj/Documents/pa/build/CMakeFiles/CMakeTmp'
make: *** [Makefile:121: cmTC_18726/fast] Error 2

File /home/lamoreauxaj/Documents/pa/build/CMakeFiles/CMakeTmp/CheckSymbolExists.c:
/* */
#include <pthread.h>

int main(int argc, char** argv)
{
  (void)argv;
#ifndef pthread_create
  return ((int*)(&pthread_create))[argc];
#else
  (void)argc;
  return 0;
#endif
}

Determining if the function pthread_create exists in the pthreads failed with the following output:
Change Dir: /home/lamoreauxaj/Documents/pa/build/CMakeFiles/CMakeTmp

Run Build Command:"/usr/bin/make" "cmTC_dd8f3/fast"
/usr/bin/make -f CMakeFiles/cmTC_dd8f3.dir/build.make CMakeFiles/cmTC_dd8f3.dir/build
make[1]: Entering directory '/home/lamoreauxaj/Documents/pa/build/CMakeFiles/CMakeTmp'
Building C object CMakeFiles/cmTC_dd8f3.dir/CheckFunctionExists.c.o
/bin/gcc-9   -DCHECK_FUNCTION_EXISTS=pthread_create   -o CMakeFiles/cmTC_dd8f3.dir/CheckFunctionExists.c.o   -c /usr/share/cmake-3.13/Modules/CheckFunctionExists.c
Linking C executable cmTC_dd8f3
/usr/bin/cmake -E cmake_link_script CMakeFiles/cmTC_dd8f3.dir/link.txt --verbose=1
/bin/gcc-9  -DCHECK_FUNCTION_EXISTS=pthread_create    -rdynamic CMakeFiles/cmTC_dd8f3.dir/CheckFunctionExists.c.o  -o cmTC_dd8f3 -lpthreads 
/usr/bin/ld: cannot find -lpthreads
collect2: error: ld returned 1 exit status
make[1]: *** [CMakeFiles/cmTC_dd8f3.dir/build.make:87: cmTC_dd8f3] Error 1
make[1]: Leaving directory '/home/lamoreauxaj/Documents/pa/build/CMakeFiles/CMakeTmp'
make: *** [Makefile:121: cmTC_dd8f3/fast] Error 2


